<?xml version="1.0" encoding="UTF-8"?>
<!-- Generated by org.testng.reporters.JUnitReportReporter -->
<testsuite hostname="Win10-2-225" failures="0" tests="2" name="restassuredtestcases.GetREquestCucumberStryle" time="5.646" errors="0" timestamp="2022-01-21T15:57:26 IST" skipped="1">
  <testcase classname="restassuredtestcases.GetREquestCucumberStryle" name="testValidateGetUserListData" time="5.646"/>
  <system-out/>
  <testcase classname="restassuredtestcases.GetREquestCucumberStryle" name="testGetUserList">
    <skipped/>
  </testcase> <!-- testGetUserList -->
  <system-out/>
</testsuite> <!-- restassuredtestcases.GetREquestCucumberStryle -->
