<?xml version="1.0" encoding="UTF-8"?>
<!-- Generated by org.testng.reporters.JUnitReportReporter -->
<testsuite hostname="Win10-2-225" failures="0" tests="6" name="restassuredtestcases.AssignmentResponsePostcheckCode" time="22.247" errors="0" timestamp="2022-01-21T19:01:31 IST" skipped="0">
  <testcase classname="restassuredtestcases.AssignmentResponsePostcheckCode" name="testPostCreateUser" time="4.587"/>
  <system-out/>
  <testcase classname="restassuredtestcases.AssignmentResponsePostcheckCode" name="testPostRegisterSuccessfull" time="1.087"/>
  <system-out/>
  <testcase classname="restassuredtestcases.AssignmentResponsePostcheckCode" name="testPostRegisterUnsuccessfull" time="0.992"/>
  <system-out/>
  <testcase classname="restassuredtestcases.AssignmentResponsePostcheckCode" name="testPostLoginSuccessfull" time="0.972"/>
  <system-out/>
  <testcase classname="restassuredtestcases.AssignmentResponsePostcheckCode" name="testPostLoginUnSuccessfull" time="1.002"/>
  <system-out/>
  <testcase classname="restassuredtestcases.AssignmentResponsePostcheckCode" name="FinalAssesmentTestforuser" time="13.607"/>
  <system-out/>
</testsuite> <!-- restassuredtestcases.AssignmentResponsePostcheckCode -->
