<?xml version="1.0" encoding="UTF-8"?>
<!-- Generated by org.testng.reporters.JUnitReportReporter -->
<testsuite hostname="Win10-2-225" failures="0" tests="1" name="restassuredtestcases.DeleteRequest" time="4.510" errors="0" timestamp="2022-01-20T17:10:14 IST" skipped="0">
  <testcase classname="restassuredtestcases.DeleteRequest" name="testDeletecreatedUser" time="4.510"/>
  <system-out/>
</testsuite> <!-- restassuredtestcases.DeleteRequest -->
