<?xml version="1.0" encoding="UTF-8"?>
<!-- Generated by org.testng.reporters.JUnitReportReporter -->
<testsuite hostname="Win10-2-225" failures="0" tests="1" name="restassuredtestcases.Newclass" time="3.620" errors="0" timestamp="2022-01-19T17:38:57 IST" skipped="0">
  <testcase classname="restassuredtestcases.Newclass" name="testGetUsersList" time="3.620"/>
  <system-out/>
</testsuite> <!-- restassuredtestcases.Newclass -->
