<?xml version="1.0" encoding="UTF-8"?>
<!-- Generated by org.testng.reporters.JUnitReportReporter -->
<testsuite hostname="Win10-2-225" failures="0" tests="1" name="restassuredtestcases.qwe" time="4.269" errors="0" timestamp="2022-01-21T09:19:39 IST" skipped="0">
  <testcase classname="restassuredtestcases.qwe" name="testPostRegisterSuccessfull" time="4.269"/>
  <system-out/>
</testsuite> <!-- restassuredtestcases.qwe -->
