<?xml version="1.0" encoding="UTF-8"?>
<!-- Generated by org.testng.reporters.JUnitReportReporter -->
<testsuite hostname="Win10-2-225" failures="0" tests="1" name="restassuredtestcases.PostRequest" time="4.276" errors="0" timestamp="2022-01-20T16:19:37 IST" skipped="0">
  <testcase classname="restassuredtestcases.PostRequest" name="testPostCreateuser" time="4.276"/>
  <system-out/>
</testsuite> <!-- restassuredtestcases.PostRequest -->
