<?xml version="1.0" encoding="UTF-8"?>
<!-- Generated by org.testng.reporters.JUnitReportReporter -->
<testsuite hostname="Win10-2-225" failures="0" tests="1" name="restassuredtestcases.PatchRequest" time="3.998" errors="0" timestamp="2022-01-20T16:53:27 IST" skipped="0">
  <testcase classname="restassuredtestcases.PatchRequest" name="testPatchCreateduser" time="3.998"/>
  <system-out/>
</testsuite> <!-- restassuredtestcases.PatchRequest -->
