<?xml version="1.0" encoding="UTF-8"?>
<!-- Generated by org.testng.reporters.JUnitReportReporter -->
<testsuite hostname="Win10-2-225" failures="0" tests="1" name="restassuredtestcases.ExtractValuesFromResponse" time="5.114" errors="0" timestamp="2022-01-21T14:46:45 IST" skipped="0">
  <testcase classname="restassuredtestcases.ExtractValuesFromResponse" name="test" time="5.114"/>
  <system-out/>
</testsuite> <!-- restassuredtestcases.ExtractValuesFromResponse -->
