<?xml version="1.0" encoding="UTF-8"?>
<!-- Generated by org.testng.reporters.JUnitReportReporter -->
<testsuite hostname="Win10-2-225" failures="0" tests="1" name="restassuredtestcases.PutRequest" time="3.787" errors="0" timestamp="2022-01-20T16:41:20 IST" skipped="0">
  <testcase classname="restassuredtestcases.PutRequest" name="testPutCreateduser" time="3.787"/>
  <system-out/>
</testsuite> <!-- restassuredtestcases.PutRequest -->
