<?xml version="1.0" encoding="UTF-8"?>
<!-- Generated by org.testng.reporters.JUnitReportReporter -->
<testsuite hostname="Win10-2-225" failures="0" tests="2" name="restassuredtestcases.GetRequest" time="4.016" errors="0" timestamp="2022-01-19T17:44:22 IST" skipped="0">
  <testcase classname="restassuredtestcases.GetRequest" name="testGetUsersList" time="0.376"/>
  <system-out/>
  <testcase classname="restassuredtestcases.GetRequest" name="testGetUserDetails" time="3.640"/>
  <system-out/>
</testsuite> <!-- restassuredtestcases.GetRequest -->
