<?xml version="1.0" encoding="UTF-8"?>
<!-- Generated by org.testng.reporters.JUnitReportReporter -->
<testsuite hostname="Win10-2-225" failures="0" tests="7" name="restassuredtestcases.AssignmentresponseCodeCheck" time="12.891" errors="0" timestamp="2022-01-24T10:37:42 IST" skipped="0">
  <testcase classname="restassuredtestcases.AssignmentresponseCodeCheck" name="testGetListUser" time="4.058"/>
  <system-out/>
  <testcase classname="restassuredtestcases.AssignmentresponseCodeCheck" name="testGetSingleUser" time="0.990"/>
  <system-out/>
  <testcase classname="restassuredtestcases.AssignmentresponseCodeCheck" name="testGetSingleUserNotFound" time="1.004"/>
  <system-out/>
  <testcase classname="restassuredtestcases.AssignmentresponseCodeCheck" name="testGetlistResources" time="0.945"/>
  <system-out/>
  <testcase classname="restassuredtestcases.AssignmentresponseCodeCheck" name="testGetSingleResources" time="0.947"/>
  <system-out/>
  <testcase classname="restassuredtestcases.AssignmentresponseCodeCheck" name="testGetSingleResourcesNotFound" time="0.987"/>
  <system-out/>
  <testcase classname="restassuredtestcases.AssignmentresponseCodeCheck" name="testGetDelayedResponse" time="3.960"/>
  <system-out/>
</testsuite> <!-- restassuredtestcases.AssignmentresponseCodeCheck -->
